[12:18:42] [ServerMain/INFO]: [bootstrap] Running Java 21 (OpenJDK 64-Bit Server VM 21.0.5+11-Ubuntu-1ubuntu120.04; Ubuntu null) on Linux 6.5.0-1025-azure (amd64)
[12:18:42] [ServerMain/INFO]: [bootstrap] Loading Paper 1.21-130-master@b1b5d4c (2024-08-10T10:02:42Z) for Minecraft 1.21
[12:18:43] [ServerMain/INFO]: [PluginInitializerManager] Initializing plugins...
[12:18:51] [ServerMain/INFO]: [PluginInitializerManager] Initialized 24 plugins
[12:18:51] [ServerMain/INFO]: [PluginInitializerManager] Bukkit plugins (24):
 - AnimatedScoreboard (0.3.5), Clans (0.4.5), ClearLag (3.2.2), CraftBook (3.10.12-SNAPSHOT;no_git_id), EnhancedEnchants (1.6.1), Essentials (2.21.0-dev+151-f2af952), GSit (1.12.1), Geyser-Spigot (2.6.0-SNAPSHOT), Jumper (1.5), LPC (3.6.0), LuckPerms (5.4.150), MythicMobs (5.7.2-${CI_COMMIT_SHORT_SHA}), PlaceholderAPI (2.11.6), PlayerKits2 (1.14.2), ProtectionStones (2.10.5), SimpleTpa (7.4), TAB (5.0.3), UltraSetHome (1.7.7), Vault (1.7.3-b131), ViaBackwards (5.2.1-SNAPSHOT), ViaVersion (5.2.1-SNAPSHOT), WorldEdit (7.3.9+6959-7adf70b), WorldGuard (7.0.12+829a4a4), floodgate (2.2.3-SNAPSHOT (b114-83fbd6e))
[12:19:04] [ServerMain/INFO]: Environment: Environment[sessionHost=https://sessionserver.mojang.com, servicesHost=https://api.minecraftservices.com, name=PROD]
[12:19:08] [ServerMain/INFO]: Loaded 1290 recipes
[12:19:09] [ServerMain/INFO]: Loaded 1399 advancements
[12:19:09] [Server thread/INFO]: Starting minecraft server version 1.21
[12:19:09] [Server thread/INFO]: Loading properties
[12:19:09] [Server thread/INFO]: This server is running Paper version 1.21-130-master@b1b5d4c (2024-08-10T10:02:42Z) (Implementing API version 1.21-R0.1-SNAPSHOT)
[12:19:11] [Server thread/INFO]: [spark] This server bundles the spark profiler. For more information please visit https://docs.papermc.io/paper/profiling
[12:19:11] [Server thread/INFO]: Server Ping Player Sample Count: 12
[12:19:11] [Server thread/INFO]: Using 4 threads for Netty based IO
[12:19:13] [Server thread/INFO]: [ChunkTaskScheduler] Chunk system is using 1 I/O threads, 1 worker threads, and population gen parallelism of 1 threads
[12:19:13] [Server thread/INFO]: Default game type: SURVIVAL
[12:19:13] [Server thread/INFO]: Generating keypair
[12:19:14] [Server thread/INFO]: Starting Minecraft server on *:25565
[12:19:14] [Server thread/INFO]: Using epoll channel type
[12:19:15] [Server thread/INFO]: Paper: Using libdeflate (Linux x86_64) compression from Velocity.
[12:19:15] [Server thread/INFO]: Paper: Using OpenSSL 1.1.x (Linux x86_64) cipher from Velocity.
[12:19:19] [Server thread/WARN]: [org.bukkit.craftbukkit.legacy.CraftLegacy] Initializing Legacy Material Support. Unless you have legacy plugins and/or data this is a bug!
[12:19:35] [Server thread/WARN]: Legacy plugin Jumper v1.5 does not specify an api-version.
[12:19:36] [Server thread/INFO]: [SpigotLibraryLoader] [MythicMobs] Loading 4 libraries... please wait
[12:19:37] [Server thread/INFO]: [SpigotLibraryLoader] [MythicMobs] Loaded library /workspaces/msx/servidor_minecraft/libraries/net/kyori/adventure-api/4.16.0/adventure-api-4.16.0.jar
[12:19:37] [Server thread/INFO]: [SpigotLibraryLoader] [MythicMobs] Loaded library /workspaces/msx/servidor_minecraft/libraries/net/kyori/adventure-key/4.16.0/adventure-key-4.16.0.jar
[12:19:37] [Server thread/INFO]: [SpigotLibraryLoader] [MythicMobs] Loaded library /workspaces/msx/servidor_minecraft/libraries/net/kyori/examination-api/1.3.0/examination-api-1.3.0.jar
[12:19:37] [Server thread/INFO]: [SpigotLibraryLoader] [MythicMobs] Loaded library /workspaces/msx/servidor_minecraft/libraries/net/kyori/examination-string/1.3.0/examination-string-1.3.0.jar
[12:19:37] [Server thread/INFO]: [SpigotLibraryLoader] [MythicMobs] Loaded library /workspaces/msx/servidor_minecraft/libraries/org/jetbrains/annotations/24.1.0/annotations-24.1.0.jar
[12:19:37] [Server thread/INFO]: [SpigotLibraryLoader] [MythicMobs] Loaded library /workspaces/msx/servidor_minecraft/libraries/net/kyori/adventure-platform-bukkit/4.3.2/adventure-platform-bukkit-4.3.2.jar
[12:19:37] [Server thread/INFO]: [SpigotLibraryLoader] [MythicMobs] Loaded library /workspaces/msx/servidor_minecraft/libraries/net/kyori/adventure-platform-api/4.3.2/adventure-platform-api-4.3.2.jar
[12:19:37] [Server thread/INFO]: [SpigotLibraryLoader] [MythicMobs] Loaded library /workspaces/msx/servidor_minecraft/libraries/net/kyori/adventure-text-serializer-bungeecord/4.3.2/adventure-text-serializer-bungeecord-4.3.2.jar
[12:19:37] [Server thread/INFO]: [SpigotLibraryLoader] [MythicMobs] Loaded library /workspaces/msx/servidor_minecraft/libraries/net/kyori/adventure-text-serializer-legacy/4.13.1/adventure-text-serializer-legacy-4.13.1.jar
[12:19:37] [Server thread/INFO]: [SpigotLibraryLoader] [MythicMobs] Loaded library /workspaces/msx/servidor_minecraft/libraries/net/kyori/adventure-nbt/4.13.1/adventure-nbt-4.13.1.jar
[12:19:37] [Server thread/INFO]: [SpigotLibraryLoader] [MythicMobs] Loaded library /workspaces/msx/servidor_minecraft/libraries/net/kyori/adventure-text-serializer-gson-legacy-impl/4.13.1/adventure-text-serializer-gson-legacy-impl-4.13.1.jar
[12:19:37] [Server thread/INFO]: [SpigotLibraryLoader] [MythicMobs] Loaded library /workspaces/msx/servidor_minecraft/libraries/net/kyori/adventure-platform-facet/4.3.2/adventure-platform-facet-4.3.2.jar
[12:19:37] [Server thread/INFO]: [SpigotLibraryLoader] [MythicMobs] Loaded library /workspaces/msx/servidor_minecraft/libraries/net/kyori/adventure-platform-viaversion/4.3.2/adventure-platform-viaversion-4.3.2.jar
[12:19:37] [Server thread/INFO]: [SpigotLibraryLoader] [MythicMobs] Loaded library /workspaces/msx/servidor_minecraft/libraries/net/kyori/adventure-text-minimessage/4.16.0/adventure-text-minimessage-4.16.0.jar
[12:19:37] [Server thread/INFO]: [SpigotLibraryLoader] [MythicMobs] Loaded library /workspaces/msx/servidor_minecraft/libraries/net/kyori/adventure-text-serializer-gson/4.16.0/adventure-text-serializer-gson-4.16.0.jar
[12:19:37] [Server thread/INFO]: [SpigotLibraryLoader] [MythicMobs] Loaded library /workspaces/msx/servidor_minecraft/libraries/net/kyori/adventure-text-serializer-json/4.16.0/adventure-text-serializer-json-4.16.0.jar
[12:19:37] [Server thread/INFO]: [SpigotLibraryLoader] [MythicMobs] Loaded library /workspaces/msx/servidor_minecraft/libraries/net/kyori/option/1.0.0/option-1.0.0.jar
[12:19:37] [Server thread/INFO]: [SpigotLibraryLoader] [MythicMobs] Loaded library /workspaces/msx/servidor_minecraft/libraries/com/google/code/gson/gson/2.8.0/gson-2.8.0.jar
[12:19:37] [Server thread/INFO]: [ViaVersion] Loading server plugin ViaVersion v5.2.1-SNAPSHOT
[12:19:37] [Server thread/INFO]: [ViaVersion] ViaVersion 5.2.1-SNAPSHOT is now loaded. Registering protocol transformers and injecting...
[12:19:40] [Via-Mappingloader-0/INFO]: [ViaVersion] Loading block connection mappings ...
[12:19:40] [Via-Mappingloader-0/INFO]: [ViaVersion] Using FastUtil Long2ObjectOpenHashMap for block connections
[12:19:43] [Server thread/INFO]: [ViaBackwards] Loading translations...
[12:19:43] [Server thread/INFO]: [ViaBackwards] Registering protocols...
[12:19:45] [Server thread/INFO]: [LuckPerms] Loading server plugin LuckPerms v5.4.150
[12:19:46] [Server thread/INFO]: [Vault] Loading server plugin Vault v1.7.3-b131
[12:19:46] [Server thread/INFO]: [WorldEdit] Loading server plugin WorldEdit v7.3.9+6959-7adf70b
[12:19:49] [Server thread/INFO]: Got request to register class com.sk89q.worldedit.bukkit.BukkitServerInterface with WorldEdit [com.sk89q.worldedit.extension.platform.PlatformManager@ea333ca]
[12:19:49] [Server thread/INFO]: [floodgate] Loading server plugin floodgate v2.2.3-SNAPSHOT (b114-83fbd6e)
[12:19:52] [Server thread/WARN]: [floodgate] en_ is not a supported Floodgate language.
[12:19:53] [Server thread/INFO]: [floodgate] Took 3,580ms to boot Floodgate
[12:19:53] [Server thread/INFO]: [WorldGuard] Loading server plugin WorldGuard v7.0.12+829a4a4
[12:19:53] [Server thread/INFO]: [Geyser-Spigot] Loading server plugin Geyser-Spigot v2.6.0-SNAPSHOT
[12:19:56] [Server thread/INFO]: [Geyser-Spigot] Loading extensions...
[12:19:56] [Server thread/INFO]: [Geyser-Spigot] Loaded 0 extension(s)
[12:19:56] [Server thread/INFO]: [PlaceholderAPI] Loading server plugin PlaceholderAPI v2.11.6
[12:19:56] [Server thread/INFO]: [UltraSetHome] Loading server plugin UltraSetHome v1.7.7
[12:19:56] [Server thread/INFO]: [Clans] Loading server plugin Clans v0.4.5
[12:19:56] [Server thread/INFO]: [ClearLag] Loading server plugin ClearLag v3.2.2
[12:19:56] [Server thread/INFO]: [TAB] Loading server plugin TAB v5.0.3
[12:19:56] [Server thread/INFO]: [EnhancedEnchants] Loading server plugin EnhancedEnchants v1.6.1
[12:19:56] [Server thread/INFO]: [Jumper] Loading server plugin Jumper v1.5
[12:19:56] [Server thread/INFO]: [AnimatedScoreboard] Loading server plugin AnimatedScoreboard v0.3.5
[12:19:56] [Server thread/INFO]: [GSit] Loading server plugin GSit v1.12.1
[12:19:56] [Server thread/INFO]: [CraftBook] Loading server plugin CraftBook v3.10.12-SNAPSHOT;no_git_id
[12:19:56] [Server thread/INFO]: [SimpleTpa] Loading server plugin SimpleTpa v7.4
[12:19:56] [Server thread/INFO]: [LPC] Loading server plugin LPC v3.6.0
[12:19:56] [Server thread/INFO]: [Essentials] Loading server plugin Essentials v2.21.0-dev+151-f2af952
[12:19:56] [Server thread/INFO]: [ProtectionStones] Loading server plugin ProtectionStones v2.10.5
[12:19:57] [Server thread/INFO]: [MythicMobs] Loading server plugin MythicMobs v5.7.2-${CI_COMMIT_SHORT_SHA}
[12:19:57] [Server thread/INFO]: [LumineUtils] (io.lumine.mythic.bukkit.utils.) is bound to plugin MythicMobs - io.lumine.mythic.bukkit.MythicBukkit
[12:19:57] [Server thread/INFO]: [MythicMobs] §x§f§f§0§0§0§0M§x§f§f§6§6§0§0y§x§f§f§c§c§0§0t§x§c§b§f§f§0§0h§x§6§5§f§f§0§0i§x§0§0§f§f§0§0c§x§0§0§f§f§6§6 §x§0§0§f§f§c§bE§x§0§0§c§b§f§fn§x§0§0§6§5§f§fa§x§0§0§0§0§f§fb§x§6§6§0§0§f§fl§x§c§c§0§0§f§fe§x§f§f§0§0§c§cd§x§f§f§0§0§6§6!
[12:19:57] [Server thread/INFO]: [PlayerKits2] Loading server plugin PlayerKits2 v1.14.2
[12:19:57] [Server thread/INFO]: [ViaBackwards] Loading server plugin ViaBackwards v5.2.1-SNAPSHOT
[12:19:57] [Server thread/INFO]: Server permissions file permissions.yml is empty, ignoring it
[12:19:57] [Server thread/INFO]: [LuckPerms] Enabling LuckPerms v5.4.150
[12:19:58] [Server thread/INFO]:         __    
[12:19:58] [Server thread/INFO]:   |    |__)   LuckPerms v5.4.150
[12:19:58] [Server thread/INFO]:   |___ |      Running on Bukkit - Paper
[12:19:58] [Server thread/INFO]: 
[12:19:58] [Server thread/INFO]: [LuckPerms] Loading configuration...
[12:19:59] [Server thread/INFO]: [LuckPerms] Loading storage provider... [H2]
[12:20:00] [Server thread/INFO]: [LuckPerms] Loading internal permission managers...
[12:20:00] [Server thread/INFO]: [LuckPerms] Performing initial data load...
[12:20:00] [Server thread/INFO]: [LuckPerms] Successfully enabled. (took 3396ms)
[12:20:00] [Server thread/INFO]: [Vault] Enabling Vault v1.7.3-b131
[12:20:01] [Server thread/INFO]: [Vault] [Economy] Essentials Economy found: Waiting
[12:20:01] [Server thread/INFO]: [Vault] [Permission] SuperPermissions loaded as backup permission system.
[12:20:01] [Server thread/INFO]: [Vault] Enabled Version 1.7.3-b131
[12:20:01] [Server thread/INFO]: [LuckPerms] Registered Vault permission & chat hook.
[12:20:01] [Server thread/INFO]: [WorldEdit] Enabling WorldEdit v7.3.9+6959-7adf70b
[12:20:01] [Server thread/INFO]: Registering commands with com.sk89q.worldedit.bukkit.BukkitServerInterface
[12:20:01] [Server thread/INFO]: WEPIF: Vault detected! Using Vault for permissions
[12:20:02] [Server thread/INFO]: Using com.sk89q.worldedit.bukkit.adapter.impl.v1_21.PaperweightAdapter as the Bukkit adapter
[12:20:05] [Server thread/WARN]: **** SERVER IS RUNNING IN OFFLINE/INSECURE MODE!
[12:20:05] [Server thread/WARN]: The server will make no attempt to authenticate usernames. Beware.
[12:20:05] [Server thread/WARN]: While this makes the game possible to play without internet access, it also opens up the ability for hackers to connect with any username they choose.
[12:20:05] [Server thread/WARN]: To change this, set "online-mode" to "true" in the server.properties file.
[12:20:05] [Server thread/INFO]: Preparing level "world"
[12:20:07] [Server thread/INFO]: Preparing start region for dimension minecraft:overworld
[12:20:09] [Server thread/INFO]: Time elapsed: 1858 ms
[12:20:09] [Server thread/INFO]: Preparing start region for dimension minecraft:the_nether
[12:20:10] [Server thread/INFO]: Time elapsed: 554 ms
[12:20:10] [Server thread/INFO]: Preparing start region for dimension minecraft:the_end
[12:20:10] [Server thread/INFO]: Time elapsed: 151 ms
[12:20:10] [Server thread/INFO]: [ViaVersion] Enabling ViaVersion v5.2.1-SNAPSHOT
[12:20:10] [Server thread/INFO]: [ViaVersion] ViaVersion detected server version: 1.21-1.21.1 (767)
[12:20:10] [Server thread/INFO]: [floodgate] Enabling floodgate v2.2.3-SNAPSHOT (b114-83fbd6e)
[12:20:14] [Server thread/INFO]: [WorldGuard] Enabling WorldGuard v7.0.12+829a4a4
[12:20:15] [Server thread/INFO]: [WorldGuard] (world) TNT ignition is PERMITTED.
[12:20:15] [Server thread/INFO]: [WorldGuard] (world) Lighters are PERMITTED.
[12:20:15] [Server thread/INFO]: [WorldGuard] (world) Lava fire is PERMITTED.
[12:20:15] [Server thread/INFO]: [WorldGuard] (world) Fire spread is UNRESTRICTED.
[12:20:15] [Server thread/INFO]: [WorldGuard] Loaded configuration for world 'world'
[12:20:15] [Server thread/INFO]: [WorldGuard] (world_nether) TNT ignition is PERMITTED.
[12:20:15] [Server thread/INFO]: [WorldGuard] (world_nether) Lighters are PERMITTED.
[12:20:15] [Server thread/INFO]: [WorldGuard] (world_nether) Lava fire is PERMITTED.
[12:20:15] [Server thread/INFO]: [WorldGuard] (world_nether) Fire spread is UNRESTRICTED.
[12:20:15] [Server thread/INFO]: [WorldGuard] Loaded configuration for world 'world_nether'
[12:20:15] [Server thread/INFO]: [WorldGuard] (world_the_end) TNT ignition is PERMITTED.
[12:20:15] [Server thread/INFO]: [WorldGuard] (world_the_end) Lighters are PERMITTED.
[12:20:15] [Server thread/INFO]: [WorldGuard] (world_the_end) Lava fire is PERMITTED.
[12:20:15] [Server thread/INFO]: [WorldGuard] (world_the_end) Fire spread is UNRESTRICTED.
[12:20:15] [Server thread/INFO]: [WorldGuard] Loaded configuration for world 'world_the_end'
[12:20:15] [Server thread/INFO]: [WorldGuard] Loading region data...
[12:20:17] [Server thread/INFO]: [Geyser-Spigot] Enabling Geyser-Spigot v2.6.0-SNAPSHOT
[12:20:18] [Server thread/INFO]: [PlaceholderAPI] Enabling PlaceholderAPI v2.11.6
[12:20:20] [Server thread/INFO]: [PlaceholderAPI] Fetching available expansion information...
[12:20:20] [Server thread/INFO]: [UltraSetHome] Enabling UltraSetHome v1.7.7
[12:20:23] [Server thread/INFO]: [Clans] Enabling Clans v0.4.5
[12:20:23] [Server thread/INFO]: [PlaceholderAPI] Successfully registered internal expansion: clans [0.4.5]
[12:20:23] [Server thread/INFO]: [ClearLag] Enabling ClearLag v3.2.2
[12:20:23] [Server thread/INFO]: [ClearLag] Using version-adapter: LatestVersionAdapter
[12:20:23] [Server thread/INFO]: [ClearLag] Loading modules...
[12:20:23] [Server thread/WARN]: [ClearLag] Clearlag failed to use the internal TPS tracker during initialization. Reverted to estimation... (Index 3 out of bounds for length 3)
[12:20:23] [Server thread/INFO]: [ClearLag] Modules enabed, loading config values
[12:20:23] [Server thread/INFO]: [ClearLag] Modules have been loaded!
[12:20:23] [Server thread/INFO]: [ClearLag] Clearlag is now enabled!
[12:20:23] [Thread-13/WARN]: [ClearLag] Clearlag failed to check for updates - bukkit may be down
[12:20:23] [Thread-13/WARN]: java.lang.ArrayIndexOutOfBoundsException: Index 3 out of bounds for length 3
[12:20:23] [Thread-13/WARN]: 	at Clearlag.jar//me.minebuilders.clearlag.Util.getBukkitVersion(Util.java:105)
[12:20:23] [Thread-13/WARN]: 	at Clearlag.jar//me.minebuilders.clearlag.BukkitUpdater.updateAvailable(BukkitUpdater.java:32)
[12:20:23] [Thread-13/WARN]: 	at Clearlag.jar//me.minebuilders.clearlag.BukkitUpdater.run(BukkitUpdater.java:82)
[12:20:23] [Thread-13/WARN]: 	at java.base/java.lang.Thread.run(Thread.java:1583)
[12:20:23] [Server thread/INFO]: [TAB] Enabling TAB v5.0.3
[12:20:24] [Server thread/INFO]: [TAB] Loaded NMS hook in 131ms
[12:20:25] [Server thread/INFO]: [TAB] Enabled in 1665ms
[12:20:25] [Server thread/INFO]: [EnhancedEnchants] Enabling EnhancedEnchants v1.6.1
[12:20:26] [Server thread/INFO]: [EnhancedEnchants] [Warning] Enchant in config sweeping does not exist.
[12:20:26] [Server thread/INFO]: [Jumper] Enabling Jumper v1.5*
[12:20:26] [Server thread/INFO]: [Jumper] Developed by GoldenStormHD
[12:20:26] [Server thread/INFO]: [Jumper] YouTube.com/GoldenStormHD
[12:20:26] [Server thread/INFO]: [AnimatedScoreboard] Enabling AnimatedScoreboard v0.3.5
[12:20:26] [Server thread/INFO]: [PlaceholderAPI] Successfully registered internal expansion: animatedscoreboard [0.0.1]
[12:20:26] [Server thread/INFO]: [GSit] Enabling GSit v1.12.1
[12:20:26] [Server thread/INFO]: [PlaceholderAPI] Successfully registered internal expansion: gsit [1.12.1]
[12:20:27] [Server thread/INFO]: [GSit] The plugin was successfully enabled.
[12:20:27] [Server thread/INFO]: [GSit] Link with PlaceholderAPI successful!
[12:20:27] [Server thread/INFO]: [GSit] Link with WorldGuard successful!
[12:20:27] [Server thread/INFO]: [CraftBook] Enabling CraftBook v3.10.12-SNAPSHOT;no_git_id
[12:20:27] [Server thread/INFO]: [CraftBook] Loading persistent data from YAML!
[12:20:27] [Server thread/INFO]: [SimpleTpa] Enabling SimpleTpa v7.4
[12:20:27] [Server thread/INFO]: [SimpleTpa] If you need support contact me at https://discord.gg/SZUkza9
[12:20:27] [Server thread/INFO]: [SimpleTpa] Simple Tpa has been enabled on version 7.4
[12:20:27] [Server thread/INFO]: Enabled metrics. You may opt-out by changing plugins/bStats/config.yml
[12:20:27] [Server thread/INFO]: [PlaceholderAPI] Successfully registered internal expansion: SimpleTpa [7.4]
[12:20:27] [Server thread/INFO]: [LPC] Enabling LPC v3.6.0
[12:20:27] [Server thread/INFO]: [Essentials] Enabling Essentials v2.21.0-dev+151-f2af952
[12:20:29] [Server thread/ERROR]: [Essentials] You are running an unsupported server version!
[12:20:29] [Server thread/INFO]: [Essentials] Attempting to convert old kits in config.yml to new kits.yml
[12:20:29] [Server thread/INFO]: [Essentials] No kits found to migrate.
[12:20:30] [Server thread/INFO]: [Essentials] Loaded 43465 items from items.json.
[12:20:30] [Server thread/INFO]: [Essentials] Using locale en
[12:20:30] [Server thread/INFO]: [Essentials] ServerListPingEvent: Spigot iterator API
[12:20:31] [Server thread/INFO]: [Essentials] Starting Metrics. Opt-out using the global bStats config.
[12:20:31] [Server thread/INFO]: [UltraSetHome] Essentials hooked successfully.
[12:20:31] [Server thread/INFO]: [Vault] [Economy] Essentials Economy hooked.
[12:20:31] [Server thread/INFO]: [Essentials] Using Vault based permissions (LuckPerms)
[12:20:31] [Server thread/INFO]: [ProtectionStones] Enabling ProtectionStones v2.10.5
[12:20:31] [Server thread/INFO]: [WorldGuard] Registering session handler dev.espi.protectionstones.flags.GreetingFlagHandler
[12:20:31] [Server thread/INFO]: [WorldGuard] Registering session handler dev.espi.protectionstones.flags.FarewellFlagHandler
[12:20:31] [Server thread/INFO]: [ProtectionStones] PlaceholderAPI support enabled!
[12:20:31] [Server thread/INFO]: [PlaceholderAPI] Successfully registered internal expansion: protectionstones [2.10.5]
[12:20:31] [Server thread/INFO]: [ProtectionStones] LuckPerms support enabled!
[12:20:31] [Server thread/INFO]: [ProtectionStones] Protection Stone Blocks:
[12:20:31] [Server thread/INFO]: [ProtectionStones] - DEEPSLATE_DIAMOND_ORE (510x150)
[12:20:31] [Server thread/INFO]: [ProtectionStones] - EMERALD_ORE (64)
[12:20:31] [Server thread/WARN]: org.bukkit.configuration.InvalidConfigurationException: expected '<document start>', but found '<scalar>'
[12:20:31] [Server thread/WARN]:  in 'reader', line 15, column 1:
[12:20:31] [Server thread/WARN]:     placing_cooldown = -1
[12:20:31] [Server thread/WARN]:     ^
[12:20:31] [Server thread/WARN]: 
[12:20:31] [Server thread/WARN]: 	at org.bukkit.configuration.file.YamlConfiguration.loadFromString(YamlConfiguration.java:111)
[12:20:31] [Server thread/WARN]: 	at org.bukkit.configuration.file.FileConfiguration.load(FileConfiguration.java:160)
[12:20:31] [Server thread/WARN]: 	at org.bukkit.configuration.file.FileConfiguration.load(FileConfiguration.java:128)
[12:20:31] [Server thread/WARN]: 	at ProtectionStones-2.10.5.jar//dev.espi.protectionstones.PSL.loadConfig(PSL.java:479)
[12:20:31] [Server thread/WARN]: 	at ProtectionStones-2.10.5.jar//dev.espi.protectionstones.ProtectionStones.loadConfig(ProtectionStones.java:514)
[12:20:31] [Server thread/WARN]: 	at ProtectionStones-2.10.5.jar//dev.espi.protectionstones.ProtectionStones.onEnable(ProtectionStones.java:612)
[12:20:31] [Server thread/WARN]: 	at org.bukkit.plugin.java.JavaPlugin.setEnabled(JavaPlugin.java:288)
[12:20:31] [Server thread/WARN]: 	at io.papermc.paper.plugin.manager.PaperPluginInstanceManager.enablePlugin(PaperPluginInstanceManager.java:202)
[12:20:31] [Server thread/WARN]: 	at io.papermc.paper.plugin.manager.PaperPluginManagerImpl.enablePlugin(PaperPluginManagerImpl.java:109)
[12:20:31] [Server thread/WARN]: 	at org.bukkit.plugin.SimplePluginManager.enablePlugin(SimplePluginManager.java:520)
[12:20:31] [Server thread/WARN]: 	at org.bukkit.craftbukkit.CraftServer.enablePlugin(CraftServer.java:640)
[12:20:31] [Server thread/WARN]: 	at org.bukkit.craftbukkit.CraftServer.enablePlugins(CraftServer.java:589)
[12:20:31] [Server thread/WARN]: 	at net.minecraft.server.MinecraftServer.loadWorld0(MinecraftServer.java:754)
[12:20:31] [Server thread/WARN]: 	at net.minecraft.server.MinecraftServer.loadLevel(MinecraftServer.java:516)
[12:20:31] [Server thread/WARN]: 	at net.minecraft.server.dedicated.DedicatedServer.initServer(DedicatedServer.java:329)
[12:20:31] [Server thread/WARN]: 	at net.minecraft.server.MinecraftServer.runServer(MinecraftServer.java:1215)
[12:20:31] [Server thread/WARN]: 	at net.minecraft.server.MinecraftServer.lambda$spin$0(MinecraftServer.java:330)
[12:20:31] [Server thread/WARN]: 	at java.base/java.lang.Thread.run(Thread.java:1583)
[12:20:31] [Server thread/WARN]: Caused by: expected '<document start>', but found '<scalar>'
[12:20:31] [Server thread/WARN]:  in 'reader', line 15, column 1:
[12:20:31] [Server thread/WARN]:     placing_cooldown = -1
[12:20:31] [Server thread/WARN]:     ^
[12:20:31] [Server thread/WARN]: 
[12:20:31] [Server thread/WARN]: 	at org.yaml.snakeyaml.parser.ParserImpl$ParseDocumentStart.produce(ParserImpl.java:250)
[12:20:31] [Server thread/WARN]: 	at org.yaml.snakeyaml.parser.ParserImpl.peekEvent(ParserImpl.java:161)
[12:20:31] [Server thread/WARN]: 	at org.yaml.snakeyaml.parser.ParserImpl.checkEvent(ParserImpl.java:152)
[12:20:31] [Server thread/WARN]: 	at org.yaml.snakeyaml.composer.Composer.getSingleNode(Composer.java:160)
[12:20:31] [Server thread/WARN]: 	at org.yaml.snakeyaml.Yaml.compose(Yaml.java:575)
[12:20:31] [Server thread/WARN]: 	at org.bukkit.configuration.file.YamlConfiguration.loadFromString(YamlConfiguration.java:104)
[12:20:31] [Server thread/WARN]: 	... 17 more
[12:20:32] [Server thread/INFO]: [ProtectionStones] Building region cache...
[12:20:32] [Server thread/INFO]: [ProtectionStones] Building UUID cache... (if slow change async-load-uuid-cache in the config to true)
[12:20:32] [Server thread/INFO]: [ProtectionStones] Checking if PS regions have been updated to UUIDs...
[12:20:32] [Server thread/INFO]: [ProtectionStones] §fProtectionStones has successfully started!
[12:20:32] [Server thread/INFO]: [MythicMobs] Enabling MythicMobs v5.7.2-${CI_COMMIT_SHORT_SHA}
[12:20:32] [Server thread/INFO]: [MythicMobs] Loading MythicMobs for Paper (MC: 1.21.0)...
[12:20:32] [Server thread/INFO]: [MythicMobs] The server is running Paper; enabled Paper exclusive functionality
[12:20:35] [Server thread/INFO]: [MythicMobs] [STDOUT] END_SPAWN_POINT
[12:20:35] [Server thread/WARN]: Nag author(s): '[Lumine]' of 'MythicMobs v5.7.2-${CI_COMMIT_SHORT_SHA}' about their usage of System.out/err.print. Please use your plugin's logger instead (JavaPlugin#getLogger).
[12:20:35] [Server thread/INFO]: [MythicMobs] [STDOUT] RAIN_DELAY
[12:20:35] [Server thread/INFO]: [MythicMobs] [STDOUT] RAIN_DURATION
[12:20:35] [Server thread/INFO]: [MythicMobs] [STDOUT] THUNDER_DELAY
[12:20:35] [Server thread/INFO]: [MythicMobs] [STDOUT] THUNDER_DURATION
[12:20:35] [Server thread/INFO]: [MythicMobs] [STDOUT] LOGGER
[12:20:35] [Server thread/INFO]: [MythicMobs] [STDOUT] EMPTY_TIME_NO_TICK
[12:20:35] [Server thread/INFO]: [MythicMobs] [STDOUT] MAX_SCHEDULED_TICKS_PER_TICK
[12:20:35] [Server thread/INFO]: [MythicMobs] [STDOUT] players
[12:20:35] [Server thread/INFO]: [MythicMobs] [STDOUT] chunkSource
[12:20:35] [Server thread/INFO]: [MythicMobs] [STDOUT] server
[12:20:35] [Server thread/INFO]: [MythicMobs] [STDOUT] serverLevelData
[12:20:35] [Server thread/INFO]: [MythicMobs] [STDOUT] lastSpawnChunkRadius
[12:20:35] [Server thread/INFO]: [MythicMobs] [STDOUT] entityTickList
[12:20:35] [Server thread/INFO]: [MythicMobs] [STDOUT] gameEventDispatcher
[12:20:35] [Server thread/INFO]: [MythicMobs] [STDOUT] noSave
[12:20:35] [Server thread/INFO]: [MythicMobs] [STDOUT] sleepStatus
[12:20:35] [Server thread/INFO]: [MythicMobs] [STDOUT] emptyTime
[12:20:35] [Server thread/INFO]: [MythicMobs] [STDOUT] portalForcer
[12:20:35] [Server thread/INFO]: [MythicMobs] [STDOUT] blockTicks
[12:20:35] [Server thread/INFO]: [MythicMobs] [STDOUT] fluidTicks
[12:20:35] [Server thread/INFO]: [MythicMobs] [STDOUT] pathTypesByPosCache
[12:20:35] [Server thread/INFO]: [MythicMobs] [STDOUT] navigatingMobs
[12:20:35] [Server thread/INFO]: [MythicMobs] [STDOUT] isUpdatingNavigations
[12:20:35] [Server thread/INFO]: [MythicMobs] [STDOUT] raids
[12:20:35] [Server thread/INFO]: [MythicMobs] [STDOUT] blockEvents
[12:20:35] [Server thread/INFO]: [MythicMobs] [STDOUT] blockEventsToReschedule
[12:20:35] [Server thread/INFO]: [MythicMobs] [STDOUT] handlingTick
[12:20:35] [Server thread/INFO]: [MythicMobs] [STDOUT] customSpawners
[12:20:35] [Server thread/INFO]: [MythicMobs] [STDOUT] dragonFight
[12:20:35] [Server thread/INFO]: [MythicMobs] [STDOUT] dragonParts
[12:20:35] [Server thread/INFO]: [MythicMobs] [STDOUT] structureManager
[12:20:35] [Server thread/INFO]: [MythicMobs] [STDOUT] structureCheck
[12:20:35] [Server thread/INFO]: [MythicMobs] [STDOUT] tickTime
[12:20:35] [Server thread/INFO]: [MythicMobs] [STDOUT] randomSequences
[12:20:35] [Server thread/INFO]: [MythicMobs] [STDOUT] convertable
[12:20:35] [Server thread/INFO]: [MythicMobs] [STDOUT] uuid
[12:20:35] [Server thread/INFO]: [MythicMobs] [STDOUT] hasPhysicsEvent
[12:20:35] [Server thread/INFO]: [MythicMobs] [STDOUT] hasEntityMoveEvent
[12:20:35] [Server thread/INFO]: [MythicMobs] [STDOUT] wireHandler
[12:20:35] [Server thread/INFO]: [MythicMobs] [STDOUT] markedClosing
[12:20:35] [Server thread/INFO]: [MythicMobs] [STDOUT] viewDistanceHolder
[12:20:35] [Server thread/INFO]: [MythicMobs] [STDOUT] chunkLoader
[12:20:35] [Server thread/INFO]: [MythicMobs] [STDOUT] entityDataController
[12:20:35] [Server thread/INFO]: [MythicMobs] [STDOUT] poiDataController
[12:20:35] [Server thread/INFO]: [MythicMobs] [STDOUT] chunkDataController
[12:20:35] [Server thread/INFO]: [MythicMobs] [STDOUT] chunkTaskScheduler
[12:20:35] [Server thread/INFO]: [MythicMobs] [STDOUT] lastMidTickFailure
[12:20:35] [Server thread/INFO]: [MythicMobs] [STDOUT] tickedBlocksOrFluids
[12:20:35] [Server thread/INFO]: [MythicMobs] [STDOUT] nearbyPlayers
[12:20:35] [Server thread/INFO]: [MythicMobs] [STDOUT] EMPTY_CHUNK_AND_HOLDERS
[12:20:35] [Server thread/INFO]: [MythicMobs] [STDOUT] loadedChunks
[12:20:35] [Server thread/INFO]: [MythicMobs] [STDOUT] tickingChunks
[12:20:35] [Server thread/INFO]: [MythicMobs] [STDOUT] entityTickingChunks
[12:20:35] [Server thread/INFO]: [MythicMobs] [STDOUT] lagCompensationTick
[12:20:35] [Server thread/INFO]: [MythicMobs] [STDOUT] currentlyTickingEntity
[12:20:35] [Server thread/INFO]: [PlaceholderAPI] Successfully registered internal expansion: mythic [5.0.0]
[12:20:35] [Server thread/INFO]: [MythicMobs] Mythic PlaceholderAPI Support has been enabled!
[12:20:35] [Server thread/INFO]: [MythicMobs] Mythic Vault Support has been enabled!
[12:20:35] [Server thread/INFO]: [MythicMobs] Mythic WorldGuard Support has been enabled!
[12:20:35] [Server thread/INFO]: [MythicMobs] Base directory /workspaces/msx/servidor_minecraft/plugins/MythicMobs/data
[12:20:35] [Server thread/INFO]: [MythicMobs] Module directory /workspaces/msx/servidor_minecraft/plugins/MythicMobs/data/worlds
[12:20:39] [Server thread/INFO]: [MythicMobs] Loading Packs...
[12:20:40] [Server thread/INFO]: [MythicMobs] Loading Items...
[12:20:40] [Server thread/INFO]: [MythicMobs] Loading Item Groups...
[12:20:40] [Server thread/INFO]: [MythicMobs] Loading Skills...
[12:20:41] [Server thread/INFO]: [MythicMobs] Loading Drop Tables...
[12:20:41] [Server thread/INFO]: [MythicMobs] Loading Random Spawns...
[12:20:41] [Server thread/INFO]: [MythicMobs] Loading Spawn Blocks...
[12:20:41] [Server thread/INFO]: [MythicMobs] ✓ Loaded 9 mobs.
[12:20:41] [Server thread/INFO]: [MythicMobs] ✓ Loaded 3 vanilla mob overrides.
[12:20:41] [Server thread/INFO]: [MythicMobs] ✓ Loaded 0 mob stacks.
[12:20:41] [Server thread/INFO]: [MythicMobs] ✓ Loaded 3 skills.
[12:20:41] [Server thread/INFO]: [MythicMobs] ✓ Loaded 0 random spawns.
[12:20:41] [Server thread/INFO]: [MythicMobs] ✓ Loaded 3 mythic items.
[12:20:41] [Server thread/INFO]: [MythicMobs] ✓ Loaded 2 drop tables.
[12:20:41] [Server thread/INFO]: [MythicMobs] ✓ Loaded 0 mob spawners.
[12:20:41] [Server thread/INFO]: [MythicMobs] MythicMobs configuration file loaded successfully.
[12:20:42] [Server thread/INFO]: [MythicMobs] Started up bStats Metrics
[12:20:43] [Server thread/INFO]: [MythicMobs] ✓ MythicMobs v5.7.2 ( build ${CI_COMMIT_SHORT_SHA} ) has been successfully loaded!
[12:20:43] [Server thread/INFO]: [PlayerKits2] Enabling PlayerKits2 v1.14.2
[12:20:43] [Server thread/INFO]: [PlaceholderAPI] Successfully registered internal expansion: playerkits [1.14.2]
[12:20:43] [Server thread/INFO]: [PlayerKits²] Has been enabled! Version: 1.14.2
[12:20:43] [Server thread/INFO]: [PlayerKits²] Thanks for using my plugin!   ~Ajneb97
[12:20:43] [Server thread/INFO]: [ViaBackwards] Enabling ViaBackwards v5.2.1-SNAPSHOT
[12:20:43] [Server thread/INFO]: [spark] Starting background profiler...
[12:20:45] [Server thread/INFO]: [Geyser-Spigot] ******************************************
[12:20:45] [Server thread/INFO]: [Geyser-Spigot] 
[12:20:45] [Server thread/INFO]: [Geyser-Spigot] Loading Geyser version 2.6.0-b734 (git-master-64c7adc)
[12:20:45] [Server thread/INFO]: [Geyser-Spigot] 
[12:20:45] [Server thread/INFO]: [Geyser-Spigot] ******************************************
[12:20:57] [epollEventLoopGroup-3-1/INFO]: [Geyser-Spigot] Started Geyser on UDP port 19132
[12:20:57] [Server thread/INFO]: [Geyser-Spigot] Done (11.661s)! Run /geyser help for help!
[12:20:57] [Server thread/INFO]: [PlaceholderAPI] Placeholder expansion registration initializing...
[12:20:57] [Server thread/INFO]: Done preparing level "world" (52.550s)
[12:20:57] [Server thread/INFO]: Running delayed init tasks
[12:20:57] [Server thread/INFO]: [UltraSetHome] WorldGuard hooked successfully.
[12:20:57] [Server thread/INFO]: [Essentials] Essentials found a compatible payment resolution method: Vault Compatibility Layer (v1.7.3-b131)!
[12:20:57] [Craft Scheduler Thread - 5 - ViaVersion/INFO]: [ViaVersion] Finished mapping loading, shutting down loader executor.
[12:20:57] [Craft Scheduler Thread - 8 - Essentials/INFO]: [Essentials] Fetching version information...
[12:20:57] [Craft Scheduler Thread - 9 - AnimatedScoreboard/INFO]: [AnimatedScoreboard] Checking for an update!
[12:20:57] [Craft Scheduler Thread - 9 - AnimatedScoreboard/INFO]: [AnimatedScoreboard] No new versions found for the plugin!
[12:20:57] [Craft Scheduler Thread - 13 - Vault/INFO]: [Vault] Checking for Updates ... 
[12:20:57] [Craft Scheduler Thread - 13 - Vault/INFO]: [Vault] No new version available
[12:20:58] [Server thread/INFO]: [ViaVersion] You are running a development version of the plugin, please report any bugs to GitHub.
[12:20:58] [Server thread/INFO]: Done (140.386s)! For help, type "help"
[12:20:58] [Server thread/INFO]: Timings Reset
[12:20:58] [Server thread/WARN]: [UltraSetHome] *************************************************************
[12:20:58] [Server thread/WARN]: [UltraSetHome] * There is a new version of UltraSetHome available!
[12:20:58] [Server thread/WARN]: [UltraSetHome] *  
[12:20:58] [Server thread/WARN]: [UltraSetHome] * Your version:   1.7.7
[12:20:58] [Server thread/WARN]: [UltraSetHome] * Latest version: 1.7.9
[12:20:58] [Server thread/WARN]: [UltraSetHome] *  
[12:20:58] [Server thread/WARN]: [UltraSetHome] * Please update to the newest version.
[12:20:58] [Server thread/WARN]: [UltraSetHome] *  
[12:20:58] [Server thread/WARN]: [UltraSetHome] * Download:
[12:20:58] [Server thread/WARN]: [UltraSetHome] *   https://www.spigotmc.org/resources/ultra-sethome.96934/
[12:20:58] [Server thread/WARN]: [UltraSetHome] *************************************************************
[12:20:58] [Server thread/WARN]: [CraftBook] §cWarning! You have no mechanics enabled, the plugin will appear to do nothing until a feature is enabled!
[12:20:58] [Server thread/INFO]: [PlaceholderAPI] Successfully registered external expansion: luckperms [5.4-R2]
[12:20:58] [Server thread/INFO]: [PlaceholderAPI] Successfully registered external expansion: player [2.0.8]
[12:20:58] [Server thread/INFO]: [PlaceholderAPI] Successfully registered external expansion: vault [1.8.3]
[12:20:58] [Server thread/INFO]: [PlaceholderAPI] Successfully registered external expansion: changeoutput [1.2.2]
[12:20:58] [Server thread/INFO]: 4 placeholder hook(s) registered!
[12:21:20] [User Authenticator #0/INFO]: UUID of player luis_gamer_YT is 9dc2a27b-9407-321a-a0fa-62f4fdbaee88
[12:21:23] [Server thread/INFO]: [UltraSetHome] [ACF] Can't read players locale, you will be unable to automatically detect players language. Only Bukkit 1.7+ is supported for this.
[12:21:23] [Folia Async Scheduler Thread #3/INFO]: [Essentials] [ACF] Can't read players locale, you will be unable to automatically detect players language. Only Bukkit 1.7+ is supported for this.
[12:21:23] [Folia Async Scheduler Thread #3/INFO]: [Essentials] [ACF] java.lang.NoSuchFieldException: locale
[12:21:23] [Folia Async Scheduler Thread #3/INFO]: [Essentials] [ACF] 	at java.base/java.lang.Class.getDeclaredField(Class.java:2782)
[12:21:23] [Folia Async Scheduler Thread #3/INFO]: [Essentials] [ACF] 	at io.papermc.reflectionrewriter.runtime.AbstractDefaultRulesReflectionProxy.getDeclaredField(AbstractDefaultRulesReflectionProxy.java:90)
[12:21:23] [Folia Async Scheduler Thread #3/INFO]: [Essentials] [ACF] 	at io.papermc.paper.pluginremap.reflect.PaperReflectionHolder.getDeclaredField(Unknown Source)
[12:21:23] [Folia Async Scheduler Thread #3/INFO]: [Essentials] [ACF] 	at UltraSetHome-1.7.7.jar//me.cerexus.ultrasethome.acf.BukkitCommandManager.readPlayerLocale(BukkitCommandManager.java:325)
[12:21:23] [Folia Async Scheduler Thread #3/INFO]: [Essentials] [ACF] 	at java.base/java.lang.Iterable.forEach(Iterable.java:75)
[12:21:23] [Folia Async Scheduler Thread #3/INFO]: [Essentials] [ACF] 	at java.base/java.util.Collections$UnmodifiableCollection.forEach(Collections.java:1116)
[12:21:23] [Folia Async Scheduler Thread #3/INFO]: [Essentials] [ACF] 	at UltraSetHome-1.7.7.jar//me.cerexus.ultrasethome.acf.BukkitCommandManager.lambda$new$1(BukkitCommandManager.java:136)
[12:21:23] [Folia Async Scheduler Thread #3/INFO]: [Essentials] [ACF] 	at UltraSetHome-1.7.7.jar//me.cerexus.ultrasethome.acf.ACFFoliaScheduler.lambda$createLocaleTask$1(ACFFoliaScheduler.java:51)
[12:21:23] [Folia Async Scheduler Thread #3/INFO]: [Essentials] [ACF] 	at io.papermc.paper.threadedregions.scheduler.FoliaAsyncScheduler$AsyncScheduledTask.run(FoliaAsyncScheduler.java:217)
[12:21:23] [Folia Async Scheduler Thread #3/INFO]: [Essentials] [ACF] 	at java.base/java.util.concurrent.ThreadPoolExecutor.runWorker(ThreadPoolExecutor.java:1144)
[12:21:23] [Folia Async Scheduler Thread #3/INFO]: [Essentials] [ACF] 	at java.base/java.util.concurrent.ThreadPoolExecutor$Worker.run(ThreadPoolExecutor.java:642)
[12:21:23] [Folia Async Scheduler Thread #3/INFO]: [Essentials] [ACF] 	at java.base/java.lang.Thread.run(Thread.java:1583)
[12:21:23] [Server thread/INFO]: [UltraSetHome] [ACF] java.lang.NoSuchFieldException: locale
[12:21:23] [Server thread/INFO]: [UltraSetHome] [ACF] 	at java.base/java.lang.Class.getDeclaredField(Class.java:2782)
[12:21:23] [Server thread/INFO]: [UltraSetHome] [ACF] 	at io.papermc.reflectionrewriter.runtime.AbstractDefaultRulesReflectionProxy.getDeclaredField(AbstractDefaultRulesReflectionProxy.java:90)
[12:21:23] [Server thread/INFO]: [UltraSetHome] [ACF] 	at io.papermc.paper.pluginremap.reflect.PaperReflectionHolder.getDeclaredField(Unknown Source)
[12:21:23] [Server thread/INFO]: [UltraSetHome] [ACF] 	at UltraSetHome-1.7.7.jar//me.cerexus.ultrasethome.acf.BukkitCommandManager.readPlayerLocale(BukkitCommandManager.java:325)
[12:21:23] [Server thread/INFO]: [UltraSetHome] [ACF] 	at UltraSetHome-1.7.7.jar//me.cerexus.ultrasethome.acf.ACFBukkitListener.onPlayerJoin(ACFBukkitListener.java:57)
[12:21:23] [Server thread/INFO]: [UltraSetHome] [ACF] 	at com.destroystokyo.paper.event.executor.MethodHandleEventExecutor.execute(MethodHandleEventExecutor.java:40)
[12:21:23] [Server thread/INFO]: [UltraSetHome] [ACF] 	at co.aikar.timings.TimedEventExecutor.execute(TimedEventExecutor.java:80)
[12:21:23] [Server thread/INFO]: [UltraSetHome] [ACF] 	at org.bukkit.plugin.RegisteredListener.callEvent(RegisteredListener.java:70)
[12:21:23] [Server thread/INFO]: [UltraSetHome] [ACF] 	at io.papermc.paper.plugin.manager.PaperEventManager.callEvent(PaperEventManager.java:54)
[12:21:23] [Server thread/INFO]: [UltraSetHome] [ACF] 	at io.papermc.paper.plugin.manager.PaperPluginManagerImpl.callEvent(PaperPluginManagerImpl.java:131)
[12:21:23] [Server thread/INFO]: [UltraSetHome] [ACF] 	at org.bukkit.plugin.SimplePluginManager.callEvent(SimplePluginManager.java:628)
[12:21:23] [Server thread/INFO]: [UltraSetHome] [ACF] 	at net.minecraft.server.players.PlayerList.placeNewPlayer(PlayerList.java:347)
[12:21:23] [Server thread/INFO]: [UltraSetHome] [ACF] 	at net.minecraft.server.network.ServerConfigurationPacketListenerImpl.handleConfigurationFinished(ServerConfigurationPacketListenerImpl.java:173)
[12:21:23] [Server thread/INFO]: [UltraSetHome] [ACF] 	at net.minecraft.network.protocol.configuration.ServerboundFinishConfigurationPacket.handle(ServerboundFinishConfigurationPacket.java:22)
[12:21:23] [Server thread/INFO]: [UltraSetHome] [ACF] 	at net.minecraft.network.protocol.configuration.ServerboundFinishConfigurationPacket.handle(ServerboundFinishConfigurationPacket.java:13)
[12:21:23] [Server thread/INFO]: [UltraSetHome] [ACF] 	at net.minecraft.network.protocol.PacketUtils.lambda$ensureRunningOnSameThread$0(PacketUtils.java:56)
[12:21:23] [Server thread/INFO]: [UltraSetHome] [ACF] 	at net.minecraft.server.TickTask.run(TickTask.java:18)
[12:21:23] [Server thread/INFO]: [UltraSetHome] [ACF] 	at net.minecraft.util.thread.BlockableEventLoop.doRunTask(BlockableEventLoop.java:151)
[12:21:23] [Server thread/INFO]: [UltraSetHome] [ACF] 	at net.minecraft.util.thread.ReentrantBlockableEventLoop.doRunTask(ReentrantBlockableEventLoop.java:24)
[12:21:23] [Server thread/INFO]: [UltraSetHome] [ACF] 	at net.minecraft.server.MinecraftServer.doRunTask(MinecraftServer.java:1537)
[12:21:23] [Server thread/INFO]: [UltraSetHome] [ACF] 	at net.minecraft.server.MinecraftServer.doRunTask(MinecraftServer.java:201)
[12:21:23] [Server thread/INFO]: [UltraSetHome] [ACF] 	at net.minecraft.util.thread.BlockableEventLoop.pollTask(BlockableEventLoop.java:125)
[12:21:23] [Server thread/INFO]: [UltraSetHome] [ACF] 	at net.minecraft.server.MinecraftServer.pollTaskInternal(MinecraftServer.java:1514)
[12:21:23] [Server thread/INFO]: [UltraSetHome] [ACF] 	at net.minecraft.server.MinecraftServer.pollTask(MinecraftServer.java:1507)
[12:21:23] [Server thread/INFO]: [UltraSetHome] [ACF] 	at net.minecraft.util.thread.BlockableEventLoop.managedBlock(BlockableEventLoop.java:135)
[12:21:23] [Server thread/INFO]: [UltraSetHome] [ACF] 	at net.minecraft.server.MinecraftServer.managedBlock(MinecraftServer.java:1466)
[12:21:23] [Server thread/INFO]: [UltraSetHome] [ACF] 	at net.minecraft.server.MinecraftServer.waitUntilNextTick(MinecraftServer.java:1473)
[12:21:23] [Server thread/INFO]: [UltraSetHome] [ACF] 	at net.minecraft.server.MinecraftServer.runServer(MinecraftServer.java:1318)
[12:21:23] [Server thread/INFO]: [UltraSetHome] [ACF] 	at net.minecraft.server.MinecraftServer.lambda$spin$0(MinecraftServer.java:330)
[12:21:23] [Server thread/INFO]: [UltraSetHome] [ACF] 	at java.base/java.lang.Thread.run(Thread.java:1583)
[12:21:23] [Server thread/INFO]: luis_gamer_YT joined the game
[12:21:23] [Server thread/INFO]: luis_gamer_YT[/192.168.192.29:60721] logged in with entity id 76 at ([world]17.399337854181645, 66.0, -28.063341503127962)
[12:21:27] [Server thread/WARN]: Can't keep up! Is the server overloaded? Running 2513ms or 50 ticks behind
[12:22:20] [Server thread/INFO]: luis_gamer_YT issued server command: /mm egg get CAVE_SPIDER
[12:23:17] [Server thread/INFO]: luis_gamer_YT issued server command: /mm egg get StaticallyChargedSheep
[12:23:26] [Server thread/INFO]: luis_gamer_YT burned to death
[12:23:31] [Server thread/INFO]: luis_gamer_YT issued server command: /back
[12:23:50] [Server thread/INFO]: luis_gamer_YT issued server command: /mm egg get StaticallyChargedSheep
[12:24:33] [Server thread/INFO]: luis_gamer_YT issued server command: /mm egg get SkeletalMinion
[12:24:44] [Server thread/INFO]: Named entity Skeleton['Skeletal Minion'/583, uuid='644ebb28-00f3-439a-87b8-84ac1e7414e3', l='ServerLevel[world]', x=49.24, y=63.00, z=-88.98, cpos=[3, -6], tl=200, v=true] died: Skeletal Minion was burned to a crisp while fighting luis_gamer_YT
[12:24:49] [Server thread/INFO]: luis_gamer_YT issued server command: /time set day
[12:25:06] [Server thread/INFO]: luis_gamer_YT issued server command: /mm egg get SkeletonKing
[12:25:20] [Server thread/INFO]: luis_gamer_YT withered away while fighting Skeleton King
[12:25:38] [Server thread/INFO]: luis_gamer_YT issued server command: /mm mobs killall
[12:26:01] [Server thread/WARN]: [CraftBook] §cWarning! You have no mechanics enabled, the plugin will appear to do nothing until a feature is enabled!
[12:26:01] [Server thread/INFO]: luis_gamer_YT issued server command: /mm egg get WITHER_SKELETON
[12:26:25] [Server thread/INFO]: luis_gamer_YT issued server command: /mm egg get GIANT
[12:26:51] [Server thread/INFO]: luis_gamer_YT issued server command: /mm mobs killall
[12:27:07] [Server thread/INFO]: luis_gamer_YT issued server command: /mm egg get Juan 19
[12:27:16] [Server thread/INFO]: [Not Secure] [Server] ¡Hola!
[12:27:17] [Server thread/INFO]: [Not Secure] [Server] ¡Hola!
[12:27:17] [Server thread/INFO]: [Not Secure] [Server] ¡Hola!
[12:27:17] [Server thread/INFO]: [Not Secure] [Server] ¡Hola!
[12:27:17] [Server thread/INFO]: [Not Secure] [Server] ¡Hola!
[12:27:18] [Server thread/INFO]: [Not Secure] [Server] ¡Hola!
[12:27:18] [Server thread/INFO]: [Not Secure] [Server] ¡Hola!
[12:27:18] [Server thread/INFO]: [Not Secure] [Server] ¡Hola!
[12:27:18] [Server thread/INFO]: [Not Secure] [Server] ¡Hola!
[12:27:18] [Server thread/INFO]: [Not Secure] [Server] ¡Hola!
[12:27:19] [Server thread/INFO]: [Not Secure] [Server] ¡Hola!
[12:27:19] [Server thread/INFO]: [Not Secure] [Server] ¡Hola!
[12:27:51] [Server thread/INFO]: luis_gamer_YT issued server command: /playerkits claim usuario
[12:27:51] [Server thread/INFO]: [Essentials] CONSOLE issued server command: /eco give luis_gamer_YT 500
[12:27:51] [Server thread/INFO]: $500 added to luis_gamer_YT account. New balance: $500
[12:28:01] [Server thread/INFO]: luis_gamer_YT issued server command: /playerkits claim food
